[train: 1, 50 / 7500] FPS: 31.8 (318.7)  ,  DataTime: 0.219 (0.002)  ,  ForwardTime: 0.031  ,  TotalTime: 0.251  ,  Loss/total: 18.39018  ,  Loss/giou: 0.77818  ,  Loss/l1: 0.11015  ,  Loss/location: 16.28309  ,  IoU: 0.34885
[train: 1, 100 / 7500] FPS: 27.6 (344.8)  ,  DataTime: 0.262 (0.002)  ,  ForwardTime: 0.026  ,  TotalTime: 0.290  ,  Loss/total: 14.45007  ,  Loss/giou: 0.74092  ,  Loss/l1: 0.10752  ,  Loss/location: 12.43062  ,  IoU: 0.38146
[train: 1, 150 / 7500] FPS: 29.3 (345.1)  ,  DataTime: 0.247 (0.002)  ,  ForwardTime: 0.025  ,  TotalTime: 0.273  ,  Loss/total: 12.01726  ,  Loss/giou: 0.71281  ,  Loss/l1: 0.10442  ,  Loss/location: 10.06956  ,  IoU: 0.40260
[train: 1, 200 / 7500] FPS: 29.7 (356.0)  ,  DataTime: 0.243 (0.002)  ,  ForwardTime: 0.024  ,  TotalTime: 0.269  ,  Loss/total: 10.23796  ,  Loss/giou: 0.67651  ,  Loss/l1: 0.09377  ,  Loss/location: 8.41609  ,  IoU: 0.42718
[train: 1, 250 / 7500] FPS: 31.1 (17.0)  ,  DataTime: 0.231 (0.002)  ,  ForwardTime: 0.024  ,  TotalTime: 0.257  ,  Loss/total: 8.89271  ,  Loss/giou: 0.65013  ,  Loss/l1: 0.08719  ,  Loss/location: 7.15652  ,  IoU: 0.44721
[train: 1, 300 / 7500] FPS: 31.5 (24.3)  ,  DataTime: 0.228 (0.002)  ,  ForwardTime: 0.024  ,  TotalTime: 0.254  ,  Loss/total: 7.88314  ,  Loss/giou: 0.63028  ,  Loss/l1: 0.08195  ,  Loss/location: 6.21281  ,  IoU: 0.46236
[train: 1, 350 / 7500] FPS: 32.0 (296.3)  ,  DataTime: 0.224 (0.002)  ,  ForwardTime: 0.024  ,  TotalTime: 0.250  ,  Loss/total: 7.08291  ,  Loss/giou: 0.61055  ,  Loss/l1: 0.07711  ,  Loss/location: 5.47627  ,  IoU: 0.47709
[train: 1, 400 / 7500] FPS: 32.6 (16.8)  ,  DataTime: 0.220 (0.002)  ,  ForwardTime: 0.024  ,  TotalTime: 0.246  ,  Loss/total: 6.45644  ,  Loss/giou: 0.59435  ,  Loss/l1: 0.07351  ,  Loss/location: 4.90019  ,  IoU: 0.48937
[train: 1, 450 / 7500] FPS: 32.6 (10.3)  ,  DataTime: 0.220 (0.002)  ,  ForwardTime: 0.024  ,  TotalTime: 0.245  ,  Loss/total: 5.96137  ,  Loss/giou: 0.58169  ,  Loss/l1: 0.07063  ,  Loss/location: 4.44485  ,  IoU: 0.49931
[train: 1, 500 / 7500] FPS: 32.9 (279.1)  ,  DataTime: 0.218 (0.002)  ,  ForwardTime: 0.023  ,  TotalTime: 0.243  ,  Loss/total: 5.55660  ,  Loss/giou: 0.57157  ,  Loss/l1: 0.06827  ,  Loss/location: 4.07213  ,  IoU: 0.50723
[train: 1, 550 / 7500] FPS: 33.1 (339.3)  ,  DataTime: 0.216 (0.002)  ,  ForwardTime: 0.023  ,  TotalTime: 0.242  ,  Loss/total: 5.22371  ,  Loss/giou: 0.56280  ,  Loss/l1: 0.06632  ,  Loss/location: 3.76654  ,  IoU: 0.51395
[train: 1, 600 / 7500] FPS: 33.3 (310.1)  ,  DataTime: 0.215 (0.002)  ,  ForwardTime: 0.023  ,  TotalTime: 0.240  ,  Loss/total: 4.93053  ,  Loss/giou: 0.55232  ,  Loss/l1: 0.06425  ,  Loss/location: 3.50466  ,  IoU: 0.52199
[train: 1, 650 / 7500] FPS: 33.5 (289.6)  ,  DataTime: 0.214 (0.002)  ,  ForwardTime: 0.023  ,  TotalTime: 0.239  ,  Loss/total: 4.68258  ,  Loss/giou: 0.54348  ,  Loss/l1: 0.06251  ,  Loss/location: 3.28307  ,  IoU: 0.52900
[train: 1, 700 / 7500] FPS: 33.9 (297.6)  ,  DataTime: 0.211 (0.002)  ,  ForwardTime: 0.023  ,  TotalTime: 0.236  ,  Loss/total: 4.47075  ,  Loss/giou: 0.53685  ,  Loss/l1: 0.06127  ,  Loss/location: 3.09071  ,  IoU: 0.53427
[train: 1, 750 / 7500] FPS: 34.3 (346.5)  ,  DataTime: 0.208 (0.002)  ,  ForwardTime: 0.023  ,  TotalTime: 0.233  ,  Loss/total: 4.28155  ,  Loss/giou: 0.52919  ,  Loss/l1: 0.05986  ,  Loss/location: 2.92386  ,  IoU: 0.54037
[train: 1, 800 / 7500] FPS: 34.6 (340.8)  ,  DataTime: 0.206 (0.002)  ,  ForwardTime: 0.023  ,  TotalTime: 0.231  ,  Loss/total: 4.11953  ,  Loss/giou: 0.52381  ,  Loss/l1: 0.05885  ,  Loss/location: 2.77767  ,  IoU: 0.54475
[train: 1, 850 / 7500] FPS: 34.5 (315.6)  ,  DataTime: 0.207 (0.002)  ,  ForwardTime: 0.023  ,  TotalTime: 0.232  ,  Loss/total: 3.97470  ,  Loss/giou: 0.51860  ,  Loss/l1: 0.05789  ,  Loss/location: 2.64803  ,  IoU: 0.54894
[train: 1, 900 / 7500] FPS: 34.9 (144.1)  ,  DataTime: 0.204 (0.002)  ,  ForwardTime: 0.023  ,  TotalTime: 0.230  ,  Loss/total: 3.84619  ,  Loss/giou: 0.51463  ,  Loss/l1: 0.05730  ,  Loss/location: 2.53044  ,  IoU: 0.55246
[train: 1, 950 / 7500] FPS: 34.6 (5.6)  ,  DataTime: 0.206 (0.002)  ,  ForwardTime: 0.023  ,  TotalTime: 0.231  ,  Loss/total: 3.73007  ,  Loss/giou: 0.51008  ,  Loss/l1: 0.05656  ,  Loss/location: 2.42710  ,  IoU: 0.55599
[train: 1, 1000 / 7500] FPS: 35.0 (274.1)  ,  DataTime: 0.203 (0.002)  ,  ForwardTime: 0.023  ,  TotalTime: 0.228  ,  Loss/total: 3.62374  ,  Loss/giou: 0.50591  ,  Loss/l1: 0.05588  ,  Loss/location: 2.33250  ,  IoU: 0.55942
[train: 1, 1050 / 7500] FPS: 35.2 (288.1)  ,  DataTime: 0.202 (0.002)  ,  ForwardTime: 0.023  ,  TotalTime: 0.227  ,  Loss/total: 3.52709  ,  Loss/giou: 0.50160  ,  Loss/l1: 0.05521  ,  Loss/location: 2.24782  ,  IoU: 0.56306
[train: 1, 1100 / 7500] FPS: 35.2 (299.9)  ,  DataTime: 0.202 (0.002)  ,  ForwardTime: 0.023  ,  TotalTime: 0.227  ,  Loss/total: 3.44244  ,  Loss/giou: 0.49868  ,  Loss/l1: 0.05483  ,  Loss/location: 2.17092  ,  IoU: 0.56558
[train: 1, 1150 / 7500] FPS: 35.2 (346.3)  ,  DataTime: 0.202 (0.002)  ,  ForwardTime: 0.023  ,  TotalTime: 0.227  ,  Loss/total: 3.36099  ,  Loss/giou: 0.49536  ,  Loss/l1: 0.05418  ,  Loss/location: 2.09936  ,  IoU: 0.56824
[train: 1, 1200 / 7500] FPS: 35.3 (360.8)  ,  DataTime: 0.201 (0.002)  ,  ForwardTime: 0.023  ,  TotalTime: 0.226  ,  Loss/total: 3.28524  ,  Loss/giou: 0.49169  ,  Loss/l1: 0.05355  ,  Loss/location: 2.03410  ,  IoU: 0.57127
[train: 1, 1250 / 7500] FPS: 35.2 (318.1)  ,  DataTime: 0.202 (0.002)  ,  ForwardTime: 0.023  ,  TotalTime: 0.227  ,  Loss/total: 3.21313  ,  Loss/giou: 0.48791  ,  Loss/l1: 0.05295  ,  Loss/location: 1.97256  ,  IoU: 0.57433
[train: 1, 1300 / 7500] FPS: 35.4 (8.7)  ,  DataTime: 0.201 (0.002)  ,  ForwardTime: 0.023  ,  TotalTime: 0.226  ,  Loss/total: 3.14720  ,  Loss/giou: 0.48440  ,  Loss/l1: 0.05238  ,  Loss/location: 1.91651  ,  IoU: 0.57709
[train: 1, 1350 / 7500] FPS: 35.8 (344.6)  ,  DataTime: 0.199 (0.002)  ,  ForwardTime: 0.023  ,  TotalTime: 0.224  ,  Loss/total: 3.08739  ,  Loss/giou: 0.48172  ,  Loss/l1: 0.05194  ,  Loss/location: 1.86427  ,  IoU: 0.57933
[train: 1, 1400 / 7500] FPS: 35.8 (16.0)  ,  DataTime: 0.198 (0.002)  ,  ForwardTime: 0.023  ,  TotalTime: 0.223  ,  Loss/total: 3.03040  ,  Loss/giou: 0.47912  ,  Loss/l1: 0.05145  ,  Loss/location: 1.81488  ,  IoU: 0.58135
[train: 1, 1450 / 7500] FPS: 35.9 (343.1)  ,  DataTime: 0.198 (0.002)  ,  ForwardTime: 0.023  ,  TotalTime: 0.223  ,  Loss/total: 2.97861  ,  Loss/giou: 0.47687  ,  Loss/l1: 0.05110  ,  Loss/location: 1.76937  ,  IoU: 0.58321
[train: 1, 1500 / 7500] FPS: 36.1 (350.5)  ,  DataTime: 0.197 (0.002)  ,  ForwardTime: 0.023  ,  TotalTime: 0.222  ,  Loss/total: 2.92788  ,  Loss/giou: 0.47414  ,  Loss/l1: 0.05060  ,  Loss/location: 1.72660  ,  IoU: 0.58537
[train: 1, 1550 / 7500] FPS: 36.1 (7.6)  ,  DataTime: 0.197 (0.002)  ,  ForwardTime: 0.023  ,  TotalTime: 0.222  ,  Loss/total: 2.87942  ,  Loss/giou: 0.47129  ,  Loss/l1: 0.05016  ,  Loss/location: 1.68603  ,  IoU: 0.58760
[train: 1, 1600 / 7500] FPS: 36.2 (269.8)  ,  DataTime: 0.196 (0.002)  ,  ForwardTime: 0.023  ,  TotalTime: 0.221  ,  Loss/total: 2.83683  ,  Loss/giou: 0.46922  ,  Loss/l1: 0.04985  ,  Loss/location: 1.64912  ,  IoU: 0.58933
[train: 1, 1650 / 7500] FPS: 36.2 (30.1)  ,  DataTime: 0.196 (0.002)  ,  ForwardTime: 0.023  ,  TotalTime: 0.221  ,  Loss/total: 2.79756  ,  Loss/giou: 0.46718  ,  Loss/l1: 0.04951  ,  Loss/location: 1.61566  ,  IoU: 0.59098
[train: 1, 1700 / 7500] FPS: 36.4 (322.9)  ,  DataTime: 0.195 (0.002)  ,  ForwardTime: 0.023  ,  TotalTime: 0.220  ,  Loss/total: 2.75663  ,  Loss/giou: 0.46494  ,  Loss/l1: 0.04912  ,  Loss/location: 1.58116  ,  IoU: 0.59273
[train: 1, 1750 / 7500] FPS: 36.4 (332.2)  ,  DataTime: 0.195 (0.002)  ,  ForwardTime: 0.023  ,  TotalTime: 0.220  ,  Loss/total: 2.72132  ,  Loss/giou: 0.46341  ,  Loss/l1: 0.04888  ,  Loss/location: 1.55011  ,  IoU: 0.59402
[train: 1, 1800 / 7500] FPS: 36.5 (329.9)  ,  DataTime: 0.194 (0.002)  ,  ForwardTime: 0.023  ,  TotalTime: 0.219  ,  Loss/total: 2.68589  ,  Loss/giou: 0.46129  ,  Loss/l1: 0.04857  ,  Loss/location: 1.52049  ,  IoU: 0.59575
[train: 1, 1850 / 7500] FPS: 36.6 (307.3)  ,  DataTime: 0.194 (0.002)  ,  ForwardTime: 0.023  ,  TotalTime: 0.219  ,  Loss/total: 2.65521  ,  Loss/giou: 0.45995  ,  Loss/l1: 0.04835  ,  Loss/location: 1.49356  ,  IoU: 0.59691
[train: 1, 1900 / 7500] FPS: 36.8 (361.3)  ,  DataTime: 0.193 (0.002)  ,  ForwardTime: 0.023  ,  TotalTime: 0.217  ,  Loss/total: 2.62339  ,  Loss/giou: 0.45807  ,  Loss/l1: 0.04807  ,  Loss/location: 1.46691  ,  IoU: 0.59848
[train: 1, 1950 / 7500] FPS: 36.8 (28.6)  ,  DataTime: 0.192 (0.002)  ,  ForwardTime: 0.023  ,  TotalTime: 0.217  ,  Loss/total: 2.59482  ,  Loss/giou: 0.45668  ,  Loss/l1: 0.04784  ,  Loss/location: 1.44226  ,  IoU: 0.59953
[train: 1, 2000 / 7500] FPS: 36.9 (7.9)  ,  DataTime: 0.192 (0.002)  ,  ForwardTime: 0.023  ,  TotalTime: 0.217  ,  Loss/total: 2.56684  ,  Loss/giou: 0.45509  ,  Loss/l1: 0.04762  ,  Loss/location: 1.41855  ,  IoU: 0.60096
[train: 1, 2050 / 7500] FPS: 37.1 (284.8)  ,  DataTime: 0.191 (0.002)  ,  ForwardTime: 0.023  ,  TotalTime: 0.216  ,  Loss/total: 2.54115  ,  Loss/giou: 0.45376  ,  Loss/l1: 0.04741  ,  Loss/location: 1.39656  ,  IoU: 0.60208
[train: 1, 2100 / 7500] FPS: 37.2 (371.9)  ,  DataTime: 0.190 (0.002)  ,  ForwardTime: 0.023  ,  TotalTime: 0.215  ,  Loss/total: 2.51544  ,  Loss/giou: 0.45240  ,  Loss/l1: 0.04721  ,  Loss/location: 1.37461  ,  IoU: 0.60323
[train: 1, 2150 / 7500] FPS: 37.2 (18.3)  ,  DataTime: 0.190 (0.002)  ,  ForwardTime: 0.023  ,  TotalTime: 0.215  ,  Loss/total: 2.49104  ,  Loss/giou: 0.45123  ,  Loss/l1: 0.04702  ,  Loss/location: 1.35347  ,  IoU: 0.60418
[train: 1, 2200 / 7500] FPS: 37.4 (339.2)  ,  DataTime: 0.189 (0.002)  ,  ForwardTime: 0.023  ,  TotalTime: 0.214  ,  Loss/total: 2.46527  ,  Loss/giou: 0.44936  ,  Loss/l1: 0.04670  ,  Loss/location: 1.33307  ,  IoU: 0.60562
[train: 1, 2250 / 7500] FPS: 37.5 (353.1)  ,  DataTime: 0.188 (0.002)  ,  ForwardTime: 0.023  ,  TotalTime: 0.213  ,  Loss/total: 2.44183  ,  Loss/giou: 0.44775  ,  Loss/l1: 0.04647  ,  Loss/location: 1.31396  ,  IoU: 0.60692
[train: 1, 2300 / 7500] FPS: 37.6 (305.8)  ,  DataTime: 0.188 (0.002)  ,  ForwardTime: 0.023  ,  TotalTime: 0.213  ,  Loss/total: 2.42013  ,  Loss/giou: 0.44649  ,  Loss/l1: 0.04631  ,  Loss/location: 1.29561  ,  IoU: 0.60802
[train: 1, 2350 / 7500] FPS: 37.6 (6.9)  ,  DataTime: 0.188 (0.002)  ,  ForwardTime: 0.023  ,  TotalTime: 0.213  ,  Loss/total: 2.39829  ,  Loss/giou: 0.44512  ,  Loss/l1: 0.04609  ,  Loss/location: 1.27759  ,  IoU: 0.60917
[train: 1, 2400 / 7500] FPS: 37.7 (319.0)  ,  DataTime: 0.188 (0.002)  ,  ForwardTime: 0.023  ,  TotalTime: 0.212  ,  Loss/total: 2.37823  ,  Loss/giou: 0.44381  ,  Loss/l1: 0.04591  ,  Loss/location: 1.26107  ,  IoU: 0.61021
[train: 1, 2450 / 7500] FPS: 37.7 (336.6)  ,  DataTime: 0.187 (0.002)  ,  ForwardTime: 0.023  ,  TotalTime: 0.212  ,  Loss/total: 2.35960  ,  Loss/giou: 0.44272  ,  Loss/l1: 0.04573  ,  Loss/location: 1.24551  ,  IoU: 0.61108
[train: 1, 2500 / 7500] FPS: 37.8 (16.4)  ,  DataTime: 0.187 (0.002)  ,  ForwardTime: 0.023  ,  TotalTime: 0.211  ,  Loss/total: 2.34032  ,  Loss/giou: 0.44141  ,  Loss/l1: 0.04554  ,  Loss/location: 1.22978  ,  IoU: 0.61211
[train: 1, 2550 / 7500] FPS: 38.0 (300.2)  ,  DataTime: 0.186 (0.002)  ,  ForwardTime: 0.023  ,  TotalTime: 0.211  ,  Loss/total: 2.32031  ,  Loss/giou: 0.43992  ,  Loss/l1: 0.04531  ,  Loss/location: 1.21393  ,  IoU: 0.61330
[train: 1, 2600 / 7500] FPS: 38.1 (244.2)  ,  DataTime: 0.185 (0.002)  ,  ForwardTime: 0.023  ,  TotalTime: 0.210  ,  Loss/total: 2.30174  ,  Loss/giou: 0.43866  ,  Loss/l1: 0.04512  ,  Loss/location: 1.19884  ,  IoU: 0.61433
[train: 1, 2650 / 7500] FPS: 38.1 (9.2)  ,  DataTime: 0.185 (0.002)  ,  ForwardTime: 0.023  ,  TotalTime: 0.210  ,  Loss/total: 2.28508  ,  Loss/giou: 0.43742  ,  Loss/l1: 0.04492  ,  Loss/location: 1.18561  ,  IoU: 0.61529
[train: 1, 2700 / 7500] FPS: 38.2 (367.5)  ,  DataTime: 0.185 (0.002)  ,  ForwardTime: 0.023  ,  TotalTime: 0.210  ,  Loss/total: 2.26852  ,  Loss/giou: 0.43610  ,  Loss/l1: 0.04471  ,  Loss/location: 1.17275  ,  IoU: 0.61631
[train: 1, 2750 / 7500] FPS: 38.2 (297.2)  ,  DataTime: 0.184 (0.002)  ,  ForwardTime: 0.023  ,  TotalTime: 0.209  ,  Loss/total: 2.25196  ,  Loss/giou: 0.43471  ,  Loss/l1: 0.04451  ,  Loss/location: 1.15998  ,  IoU: 0.61735
[train: 1, 2800 / 7500] FPS: 38.3 (127.9)  ,  DataTime: 0.184 (0.002)  ,  ForwardTime: 0.023  ,  TotalTime: 0.209  ,  Loss/total: 2.23680  ,  Loss/giou: 0.43360  ,  Loss/l1: 0.04435  ,  Loss/location: 1.14785  ,  IoU: 0.61828
[train: 1, 2850 / 7500] FPS: 38.2 (322.5)  ,  DataTime: 0.185 (0.002)  ,  ForwardTime: 0.023  ,  TotalTime: 0.209  ,  Loss/total: 2.22341  ,  Loss/giou: 0.43293  ,  Loss/l1: 0.04425  ,  Loss/location: 1.13630  ,  IoU: 0.61884
[train: 1, 2900 / 7500] FPS: 38.4 (291.5)  ,  DataTime: 0.184 (0.002)  ,  ForwardTime: 0.023  ,  TotalTime: 0.208  ,  Loss/total: 2.20839  ,  Loss/giou: 0.43159  ,  Loss/l1: 0.04405  ,  Loss/location: 1.12498  ,  IoU: 0.61992
[train: 1, 2950 / 7500] FPS: 38.4 (276.9)  ,  DataTime: 0.183 (0.002)  ,  ForwardTime: 0.023  ,  TotalTime: 0.208  ,  Loss/total: 2.19405  ,  Loss/giou: 0.43064  ,  Loss/l1: 0.04387  ,  Loss/location: 1.11340  ,  IoU: 0.62066
[train: 1, 3000 / 7500] FPS: 38.6 (369.5)  ,  DataTime: 0.183 (0.002)  ,  ForwardTime: 0.023  ,  TotalTime: 0.207  ,  Loss/total: 2.17870  ,  Loss/giou: 0.42909  ,  Loss/l1: 0.04362  ,  Loss/location: 1.10240  ,  IoU: 0.62182
[train: 1, 3050 / 7500] FPS: 38.5 (351.0)  ,  DataTime: 0.183 (0.002)  ,  ForwardTime: 0.023  ,  TotalTime: 0.208  ,  Loss/total: 2.16497  ,  Loss/giou: 0.42807  ,  Loss/l1: 0.04345  ,  Loss/location: 1.09157  ,  IoU: 0.62257
[train: 1, 3100 / 7500] FPS: 38.5 (336.4)  ,  DataTime: 0.183 (0.002)  ,  ForwardTime: 0.023  ,  TotalTime: 0.208  ,  Loss/total: 2.15283  ,  Loss/giou: 0.42733  ,  Loss/l1: 0.04335  ,  Loss/location: 1.08143  ,  IoU: 0.62320
[train: 1, 3150 / 7500] FPS: 38.7 (253.5)  ,  DataTime: 0.182 (0.002)  ,  ForwardTime: 0.023  ,  TotalTime: 0.207  ,  Loss/total: 2.14066  ,  Loss/giou: 0.42645  ,  Loss/l1: 0.04326  ,  Loss/location: 1.07144  ,  IoU: 0.62398
[train: 1, 3200 / 7500] FPS: 38.6 (10.0)  ,  DataTime: 0.182 (0.002)  ,  ForwardTime: 0.023  ,  TotalTime: 0.207  ,  Loss/total: 2.12861  ,  Loss/giou: 0.42544  ,  Loss/l1: 0.04312  ,  Loss/location: 1.06215  ,  IoU: 0.62478
[train: 1, 3250 / 7500] FPS: 38.8 (130.9)  ,  DataTime: 0.181 (0.002)  ,  ForwardTime: 0.023  ,  TotalTime: 0.206  ,  Loss/total: 2.11520  ,  Loss/giou: 0.42424  ,  Loss/l1: 0.04292  ,  Loss/location: 1.05214  ,  IoU: 0.62566
[train: 1, 3300 / 7500] FPS: 38.9 (329.0)  ,  DataTime: 0.181 (0.002)  ,  ForwardTime: 0.023  ,  TotalTime: 0.206  ,  Loss/total: 2.10319  ,  Loss/giou: 0.42311  ,  Loss/l1: 0.04274  ,  Loss/location: 1.04329  ,  IoU: 0.62651
[train: 1, 3350 / 7500] FPS: 39.0 (332.1)  ,  DataTime: 0.181 (0.002)  ,  ForwardTime: 0.023  ,  TotalTime: 0.205  ,  Loss/total: 2.09081  ,  Loss/giou: 0.42200  ,  Loss/l1: 0.04260  ,  Loss/location: 1.03380  ,  IoU: 0.62746
[train: 1, 3400 / 7500] FPS: 39.1 (303.7)  ,  DataTime: 0.180 (0.002)  ,  ForwardTime: 0.023  ,  TotalTime: 0.205  ,  Loss/total: 2.08004  ,  Loss/giou: 0.42116  ,  Loss/l1: 0.04249  ,  Loss/location: 1.02528  ,  IoU: 0.62812
[train: 1, 3450 / 7500] FPS: 39.1 (340.7)  ,  DataTime: 0.180 (0.002)  ,  ForwardTime: 0.023  ,  TotalTime: 0.205  ,  Loss/total: 2.07004  ,  Loss/giou: 0.42039  ,  Loss/l1: 0.04238  ,  Loss/location: 1.01734  ,  IoU: 0.62875
[train: 1, 3500 / 7500] FPS: 39.0 (6.1)  ,  DataTime: 0.180 (0.002)  ,  ForwardTime: 0.023  ,  TotalTime: 0.205  ,  Loss/total: 2.05965  ,  Loss/giou: 0.41953  ,  Loss/l1: 0.04225  ,  Loss/location: 1.00935  ,  IoU: 0.62941
[train: 1, 3550 / 7500] FPS: 39.1 (327.3)  ,  DataTime: 0.180 (0.002)  ,  ForwardTime: 0.023  ,  TotalTime: 0.205  ,  Loss/total: 2.05185  ,  Loss/giou: 0.41928  ,  Loss/l1: 0.04223  ,  Loss/location: 1.00215  ,  IoU: 0.62967
[train: 1, 3600 / 7500] FPS: 39.1 (224.7)  ,  DataTime: 0.180 (0.002)  ,  ForwardTime: 0.023  ,  TotalTime: 0.205  ,  Loss/total: 2.04149  ,  Loss/giou: 0.41843  ,  Loss/l1: 0.04212  ,  Loss/location: 0.99403  ,  IoU: 0.63038
[train: 1, 3650 / 7500] FPS: 39.1 (10.8)  ,  DataTime: 0.180 (0.002)  ,  ForwardTime: 0.023  ,  TotalTime: 0.204  ,  Loss/total: 2.03214  ,  Loss/giou: 0.41767  ,  Loss/l1: 0.04202  ,  Loss/location: 0.98673  ,  IoU: 0.63100
[train: 1, 3700 / 7500] FPS: 39.2 (340.2)  ,  DataTime: 0.179 (0.002)  ,  ForwardTime: 0.023  ,  TotalTime: 0.204  ,  Loss/total: 2.02344  ,  Loss/giou: 0.41698  ,  Loss/l1: 0.04192  ,  Loss/location: 0.97990  ,  IoU: 0.63151
[train: 1, 3750 / 7500] FPS: 39.3 (361.8)  ,  DataTime: 0.179 (0.002)  ,  ForwardTime: 0.023  ,  TotalTime: 0.204  ,  Loss/total: 2.01545  ,  Loss/giou: 0.41638  ,  Loss/l1: 0.04185  ,  Loss/location: 0.97346  ,  IoU: 0.63200
[train: 1, 3800 / 7500] FPS: 39.4 (25.7)  ,  DataTime: 0.179 (0.002)  ,  ForwardTime: 0.023  ,  TotalTime: 0.203  ,  Loss/total: 2.00613  ,  Loss/giou: 0.41549  ,  Loss/l1: 0.04172  ,  Loss/location: 0.96655  ,  IoU: 0.63273
[train: 1, 3850 / 7500] FPS: 39.4 (334.1)  ,  DataTime: 0.179 (0.002)  ,  ForwardTime: 0.023  ,  TotalTime: 0.203  ,  Loss/total: 1.99694  ,  Loss/giou: 0.41459  ,  Loss/l1: 0.04158  ,  Loss/location: 0.95986  ,  IoU: 0.63341
[train: 1, 3900 / 7500] FPS: 39.4 (363.3)  ,  DataTime: 0.178 (0.002)  ,  ForwardTime: 0.023  ,  TotalTime: 0.203  ,  Loss/total: 1.98884  ,  Loss/giou: 0.41403  ,  Loss/l1: 0.04152  ,  Loss/location: 0.95321  ,  IoU: 0.63389
[train: 1, 3950 / 7500] FPS: 39.4 (314.5)  ,  DataTime: 0.178 (0.002)  ,  ForwardTime: 0.023  ,  TotalTime: 0.203  ,  Loss/total: 1.97951  ,  Loss/giou: 0.41292  ,  Loss/l1: 0.04137  ,  Loss/location: 0.94681  ,  IoU: 0.63475
[train: 1, 4000 / 7500] FPS: 39.4 (20.3)  ,  DataTime: 0.178 (0.002)  ,  ForwardTime: 0.023  ,  TotalTime: 0.203  ,  Loss/total: 1.97111  ,  Loss/giou: 0.41211  ,  Loss/l1: 0.04127  ,  Loss/location: 0.94056  ,  IoU: 0.63539
[train: 1, 4050 / 7500] FPS: 39.5 (295.7)  ,  DataTime: 0.178 (0.002)  ,  ForwardTime: 0.023  ,  TotalTime: 0.203  ,  Loss/total: 1.96331  ,  Loss/giou: 0.41137  ,  Loss/l1: 0.04115  ,  Loss/location: 0.93481  ,  IoU: 0.63594
[train: 1, 4100 / 7500] FPS: 39.6 (333.2)  ,  DataTime: 0.177 (0.002)  ,  ForwardTime: 0.023  ,  TotalTime: 0.202  ,  Loss/total: 1.95570  ,  Loss/giou: 0.41075  ,  Loss/l1: 0.04106  ,  Loss/location: 0.92890  ,  IoU: 0.63643
[train: 1, 4150 / 7500] FPS: 39.6 (10.6)  ,  DataTime: 0.177 (0.002)  ,  ForwardTime: 0.023  ,  TotalTime: 0.202  ,  Loss/total: 1.94855  ,  Loss/giou: 0.41005  ,  Loss/l1: 0.04097  ,  Loss/location: 0.92359  ,  IoU: 0.63700
[train: 1, 4200 / 7500] FPS: 39.7 (302.9)  ,  DataTime: 0.177 (0.002)  ,  ForwardTime: 0.023  ,  TotalTime: 0.202  ,  Loss/total: 1.94156  ,  Loss/giou: 0.40948  ,  Loss/l1: 0.04090  ,  Loss/location: 0.91807  ,  IoU: 0.63749
[train: 1, 4250 / 7500] FPS: 39.6 (382.1)  ,  DataTime: 0.177 (0.002)  ,  ForwardTime: 0.023  ,  TotalTime: 0.202  ,  Loss/total: 1.93394  ,  Loss/giou: 0.40871  ,  Loss/l1: 0.04079  ,  Loss/location: 0.91259  ,  IoU: 0.63806
[train: 1, 4300 / 7500] FPS: 39.7 (355.4)  ,  DataTime: 0.177 (0.002)  ,  ForwardTime: 0.023  ,  TotalTime: 0.201  ,  Loss/total: 1.92642  ,  Loss/giou: 0.40796  ,  Loss/l1: 0.04068  ,  Loss/location: 0.90709  ,  IoU: 0.63867
[train: 1, 4350 / 7500] FPS: 39.7 (255.4)  ,  DataTime: 0.177 (0.002)  ,  ForwardTime: 0.023  ,  TotalTime: 0.201  ,  Loss/total: 1.91900  ,  Loss/giou: 0.40720  ,  Loss/l1: 0.04058  ,  Loss/location: 0.90168  ,  IoU: 0.63933
[train: 1, 4400 / 7500] FPS: 39.8 (284.9)  ,  DataTime: 0.176 (0.002)  ,  ForwardTime: 0.023  ,  TotalTime: 0.201  ,  Loss/total: 1.91186  ,  Loss/giou: 0.40656  ,  Loss/l1: 0.04048  ,  Loss/location: 0.89635  ,  IoU: 0.63983
[train: 1, 4450 / 7500] FPS: 39.9 (287.4)  ,  DataTime: 0.176 (0.002)  ,  ForwardTime: 0.023  ,  TotalTime: 0.201  ,  Loss/total: 1.90418  ,  Loss/giou: 0.40564  ,  Loss/l1: 0.04035  ,  Loss/location: 0.89117  ,  IoU: 0.64055
[train: 1, 4500 / 7500] FPS: 40.0 (364.0)  ,  DataTime: 0.175 (0.002)  ,  ForwardTime: 0.023  ,  TotalTime: 0.200  ,  Loss/total: 1.89664  ,  Loss/giou: 0.40484  ,  Loss/l1: 0.04023  ,  Loss/location: 0.88584  ,  IoU: 0.64118
[train: 1, 4550 / 7500] FPS: 40.0 (325.8)  ,  DataTime: 0.175 (0.002)  ,  ForwardTime: 0.023  ,  TotalTime: 0.200  ,  Loss/total: 1.89074  ,  Loss/giou: 0.40437  ,  Loss/l1: 0.04017  ,  Loss/location: 0.88113  ,  IoU: 0.64157
[train: 1, 4600 / 7500] FPS: 39.9 (279.6)  ,  DataTime: 0.176 (0.002)  ,  ForwardTime: 0.023  ,  TotalTime: 0.200  ,  Loss/total: 1.88483  ,  Loss/giou: 0.40381  ,  Loss/l1: 0.04010  ,  Loss/location: 0.87672  ,  IoU: 0.64202
[train: 1, 4650 / 7500] FPS: 39.8 (297.5)  ,  DataTime: 0.176 (0.002)  ,  ForwardTime: 0.023  ,  TotalTime: 0.201  ,  Loss/total: 1.87935  ,  Loss/giou: 0.40338  ,  Loss/l1: 0.04004  ,  Loss/location: 0.87236  ,  IoU: 0.64237
[train: 1, 4700 / 7500] FPS: 39.8 (169.3)  ,  DataTime: 0.176 (0.002)  ,  ForwardTime: 0.023  ,  TotalTime: 0.201  ,  Loss/total: 1.87302  ,  Loss/giou: 0.40277  ,  Loss/l1: 0.03995  ,  Loss/location: 0.86772  ,  IoU: 0.64283
[train: 1, 4750 / 7500] FPS: 39.9 (348.7)  ,  DataTime: 0.176 (0.002)  ,  ForwardTime: 0.023  ,  TotalTime: 0.201  ,  Loss/total: 1.86666  ,  Loss/giou: 0.40214  ,  Loss/l1: 0.03984  ,  Loss/location: 0.86316  ,  IoU: 0.64328
[train: 1, 4800 / 7500] FPS: 39.8 (334.9)  ,  DataTime: 0.176 (0.002)  ,  ForwardTime: 0.023  ,  TotalTime: 0.201  ,  Loss/total: 1.86094  ,  Loss/giou: 0.40165  ,  Loss/l1: 0.03979  ,  Loss/location: 0.85871  ,  IoU: 0.64370
[train: 1, 4850 / 7500] FPS: 39.8 (306.7)  ,  DataTime: 0.176 (0.002)  ,  ForwardTime: 0.023  ,  TotalTime: 0.201  ,  Loss/total: 1.85588  ,  Loss/giou: 0.40131  ,  Loss/l1: 0.03974  ,  Loss/location: 0.85456  ,  IoU: 0.64398
[train: 1, 4900 / 7500] FPS: 39.9 (15.8)  ,  DataTime: 0.176 (0.002)  ,  ForwardTime: 0.023  ,  TotalTime: 0.201  ,  Loss/total: 1.85106  ,  Loss/giou: 0.40096  ,  Loss/l1: 0.03969  ,  Loss/location: 0.85069  ,  IoU: 0.64429
[train: 1, 4950 / 7500] FPS: 39.9 (11.6)  ,  DataTime: 0.176 (0.002)  ,  ForwardTime: 0.023  ,  TotalTime: 0.200  ,  Loss/total: 1.84555  ,  Loss/giou: 0.40042  ,  Loss/l1: 0.03961  ,  Loss/location: 0.84663  ,  IoU: 0.64473
[train: 1, 5000 / 7500] FPS: 40.0 (68.6)  ,  DataTime: 0.175 (0.002)  ,  ForwardTime: 0.023  ,  TotalTime: 0.200  ,  Loss/total: 1.83875  ,  Loss/giou: 0.39951  ,  Loss/l1: 0.03949  ,  Loss/location: 0.84230  ,  IoU: 0.64542
[train: 1, 5050 / 7500] FPS: 40.0 (14.1)  ,  DataTime: 0.175 (0.002)  ,  ForwardTime: 0.023  ,  TotalTime: 0.200  ,  Loss/total: 1.83357  ,  Loss/giou: 0.39903  ,  Loss/l1: 0.03942  ,  Loss/location: 0.83842  ,  IoU: 0.64581
[train: 1, 5100 / 7500] FPS: 40.0 (96.1)  ,  DataTime: 0.175 (0.002)  ,  ForwardTime: 0.023  ,  TotalTime: 0.200  ,  Loss/total: 1.82827  ,  Loss/giou: 0.39847  ,  Loss/l1: 0.03935  ,  Loss/location: 0.83456  ,  IoU: 0.64627
[train: 1, 5150 / 7500] FPS: 40.1 (16.2)  ,  DataTime: 0.175 (0.002)  ,  ForwardTime: 0.023  ,  TotalTime: 0.199  ,  Loss/total: 1.82264  ,  Loss/giou: 0.39795  ,  Loss/l1: 0.03928  ,  Loss/location: 0.83034  ,  IoU: 0.64668
[train: 1, 5200 / 7500] FPS: 40.2 (309.0)  ,  DataTime: 0.175 (0.002)  ,  ForwardTime: 0.023  ,  TotalTime: 0.199  ,  Loss/total: 1.81749  ,  Loss/giou: 0.39745  ,  Loss/l1: 0.03922  ,  Loss/location: 0.82649  ,  IoU: 0.64712
[train: 1, 5250 / 7500] FPS: 40.2 (17.0)  ,  DataTime: 0.174 (0.002)  ,  ForwardTime: 0.023  ,  TotalTime: 0.199  ,  Loss/total: 1.81285  ,  Loss/giou: 0.39700  ,  Loss/l1: 0.03917  ,  Loss/location: 0.82302  ,  IoU: 0.64748
[train: 1, 5300 / 7500] FPS: 40.3 (350.3)  ,  DataTime: 0.174 (0.002)  ,  ForwardTime: 0.023  ,  TotalTime: 0.198  ,  Loss/total: 1.80803  ,  Loss/giou: 0.39657  ,  Loss/l1: 0.03910  ,  Loss/location: 0.81940  ,  IoU: 0.64783
[train: 1, 5350 / 7500] FPS: 40.3 (359.1)  ,  DataTime: 0.174 (0.002)  ,  ForwardTime: 0.023  ,  TotalTime: 0.199  ,  Loss/total: 1.80241  ,  Loss/giou: 0.39595  ,  Loss/l1: 0.03901  ,  Loss/location: 0.81548  ,  IoU: 0.64835
[train: 1, 5400 / 7500] FPS: 40.3 (301.7)  ,  DataTime: 0.174 (0.002)  ,  ForwardTime: 0.023  ,  TotalTime: 0.198  ,  Loss/total: 1.79714  ,  Loss/giou: 0.39533  ,  Loss/l1: 0.03891  ,  Loss/location: 0.81193  ,  IoU: 0.64880
[train: 1, 5450 / 7500] FPS: 40.4 (331.6)  ,  DataTime: 0.174 (0.002)  ,  ForwardTime: 0.023  ,  TotalTime: 0.198  ,  Loss/total: 1.79197  ,  Loss/giou: 0.39473  ,  Loss/l1: 0.03882  ,  Loss/location: 0.80839  ,  IoU: 0.64925
[train: 1, 5500 / 7500] FPS: 40.4 (360.9)  ,  DataTime: 0.174 (0.002)  ,  ForwardTime: 0.023  ,  TotalTime: 0.198  ,  Loss/total: 1.78760  ,  Loss/giou: 0.39434  ,  Loss/l1: 0.03877  ,  Loss/location: 0.80506  ,  IoU: 0.64959
[train: 1, 5550 / 7500] FPS: 40.4 (320.0)  ,  DataTime: 0.173 (0.002)  ,  ForwardTime: 0.023  ,  TotalTime: 0.198  ,  Loss/total: 1.78278  ,  Loss/giou: 0.39378  ,  Loss/l1: 0.03870  ,  Loss/location: 0.80175  ,  IoU: 0.65002
[train: 1, 5600 / 7500] FPS: 40.5 (258.7)  ,  DataTime: 0.173 (0.002)  ,  ForwardTime: 0.023  ,  TotalTime: 0.198  ,  Loss/total: 1.77788  ,  Loss/giou: 0.39326  ,  Loss/l1: 0.03863  ,  Loss/location: 0.79822  ,  IoU: 0.65044
[train: 1, 5650 / 7500] FPS: 40.5 (333.3)  ,  DataTime: 0.173 (0.002)  ,  ForwardTime: 0.023  ,  TotalTime: 0.198  ,  Loss/total: 1.77419  ,  Loss/giou: 0.39292  ,  Loss/l1: 0.03860  ,  Loss/location: 0.79538  ,  IoU: 0.65072
[train: 1, 5700 / 7500] FPS: 40.5 (358.6)  ,  DataTime: 0.173 (0.002)  ,  ForwardTime: 0.023  ,  TotalTime: 0.197  ,  Loss/total: 1.77022  ,  Loss/giou: 0.39255  ,  Loss/l1: 0.03855  ,  Loss/location: 0.79235  ,  IoU: 0.65102
[train: 1, 5750 / 7500] FPS: 40.6 (310.3)  ,  DataTime: 0.173 (0.002)  ,  ForwardTime: 0.023  ,  TotalTime: 0.197  ,  Loss/total: 1.76576  ,  Loss/giou: 0.39206  ,  Loss/l1: 0.03849  ,  Loss/location: 0.78919  ,  IoU: 0.65140
[train: 1, 5800 / 7500] FPS: 40.6 (352.3)  ,  DataTime: 0.173 (0.002)  ,  ForwardTime: 0.023  ,  TotalTime: 0.197  ,  Loss/total: 1.76208  ,  Loss/giou: 0.39169  ,  Loss/l1: 0.03845  ,  Loss/location: 0.78643  ,  IoU: 0.65172
[train: 1, 5850 / 7500] FPS: 40.6 (350.2)  ,  DataTime: 0.172 (0.002)  ,  ForwardTime: 0.023  ,  TotalTime: 0.197  ,  Loss/total: 1.75773  ,  Loss/giou: 0.39121  ,  Loss/l1: 0.03839  ,  Loss/location: 0.78335  ,  IoU: 0.65211
[train: 1, 5900 / 7500] FPS: 40.7 (344.1)  ,  DataTime: 0.172 (0.002)  ,  ForwardTime: 0.023  ,  TotalTime: 0.197  ,  Loss/total: 1.75361  ,  Loss/giou: 0.39073  ,  Loss/l1: 0.03834  ,  Loss/location: 0.78048  ,  IoU: 0.65248
[train: 1, 5950 / 7500] FPS: 40.7 (11.2)  ,  DataTime: 0.172 (0.002)  ,  ForwardTime: 0.023  ,  TotalTime: 0.197  ,  Loss/total: 1.74943  ,  Loss/giou: 0.39024  ,  Loss/l1: 0.03829  ,  Loss/location: 0.77748  ,  IoU: 0.65289
[train: 1, 6000 / 7500] FPS: 40.7 (271.8)  ,  DataTime: 0.172 (0.002)  ,  ForwardTime: 0.023  ,  TotalTime: 0.196  ,  Loss/total: 1.74530  ,  Loss/giou: 0.38986  ,  Loss/l1: 0.03824  ,  Loss/location: 0.77436  ,  IoU: 0.65321
[train: 1, 6050 / 7500] FPS: 40.7 (320.8)  ,  DataTime: 0.172 (0.002)  ,  ForwardTime: 0.023  ,  TotalTime: 0.196  ,  Loss/total: 1.74132  ,  Loss/giou: 0.38947  ,  Loss/l1: 0.03818  ,  Loss/location: 0.77147  ,  IoU: 0.65353
[train: 1, 6100 / 7500] FPS: 40.7 (339.1)  ,  DataTime: 0.172 (0.002)  ,  ForwardTime: 0.023  ,  TotalTime: 0.196  ,  Loss/total: 1.73786  ,  Loss/giou: 0.38917  ,  Loss/l1: 0.03815  ,  Loss/location: 0.76879  ,  IoU: 0.65377
[train: 1, 6150 / 7500] FPS: 40.8 (328.2)  ,  DataTime: 0.172 (0.002)  ,  ForwardTime: 0.023  ,  TotalTime: 0.196  ,  Loss/total: 1.73383  ,  Loss/giou: 0.38871  ,  Loss/l1: 0.03809  ,  Loss/location: 0.76594  ,  IoU: 0.65413
[train: 1, 6200 / 7500] FPS: 40.8 (22.3)  ,  DataTime: 0.171 (0.002)  ,  ForwardTime: 0.023  ,  TotalTime: 0.196  ,  Loss/total: 1.72963  ,  Loss/giou: 0.38818  ,  Loss/l1: 0.03802  ,  Loss/location: 0.76316  ,  IoU: 0.65455
[train: 1, 6250 / 7500] FPS: 40.9 (318.5)  ,  DataTime: 0.171 (0.002)  ,  ForwardTime: 0.023  ,  TotalTime: 0.196  ,  Loss/total: 1.72622  ,  Loss/giou: 0.38785  ,  Loss/l1: 0.03798  ,  Loss/location: 0.76063  ,  IoU: 0.65483
[train: 1, 6300 / 7500] FPS: 40.8 (299.2)  ,  DataTime: 0.171 (0.002)  ,  ForwardTime: 0.023  ,  TotalTime: 0.196  ,  Loss/total: 1.72300  ,  Loss/giou: 0.38752  ,  Loss/l1: 0.03795  ,  Loss/location: 0.75819  ,  IoU: 0.65513
[train: 1, 6350 / 7500] FPS: 40.9 (339.2)  ,  DataTime: 0.171 (0.002)  ,  ForwardTime: 0.023  ,  TotalTime: 0.196  ,  Loss/total: 1.71935  ,  Loss/giou: 0.38711  ,  Loss/l1: 0.03790  ,  Loss/location: 0.75566  ,  IoU: 0.65546
[train: 1, 6400 / 7500] FPS: 40.9 (10.7)  ,  DataTime: 0.171 (0.002)  ,  ForwardTime: 0.023  ,  TotalTime: 0.196  ,  Loss/total: 1.71623  ,  Loss/giou: 0.38687  ,  Loss/l1: 0.03787  ,  Loss/location: 0.75314  ,  IoU: 0.65565
[train: 1, 6450 / 7500] FPS: 41.0 (350.4)  ,  DataTime: 0.171 (0.002)  ,  ForwardTime: 0.023  ,  TotalTime: 0.195  ,  Loss/total: 1.71217  ,  Loss/giou: 0.38639  ,  Loss/l1: 0.03779  ,  Loss/location: 0.75042  ,  IoU: 0.65602
[train: 1, 6500 / 7500] FPS: 41.0 (337.6)  ,  DataTime: 0.171 (0.002)  ,  ForwardTime: 0.023  ,  TotalTime: 0.195  ,  Loss/total: 1.70936  ,  Loss/giou: 0.38606  ,  Loss/l1: 0.03776  ,  Loss/location: 0.74841  ,  IoU: 0.65629
[train: 1, 6550 / 7500] FPS: 41.0 (19.7)  ,  DataTime: 0.170 (0.002)  ,  ForwardTime: 0.023  ,  TotalTime: 0.195  ,  Loss/total: 1.70534  ,  Loss/giou: 0.38557  ,  Loss/l1: 0.03769  ,  Loss/location: 0.74572  ,  IoU: 0.65668
[train: 1, 6600 / 7500] FPS: 41.1 (304.2)  ,  DataTime: 0.170 (0.002)  ,  ForwardTime: 0.023  ,  TotalTime: 0.195  ,  Loss/total: 1.70245  ,  Loss/giou: 0.38526  ,  Loss/l1: 0.03766  ,  Loss/location: 0.74363  ,  IoU: 0.65694
[train: 1, 6650 / 7500] FPS: 41.1 (344.9)  ,  DataTime: 0.170 (0.002)  ,  ForwardTime: 0.023  ,  TotalTime: 0.194  ,  Loss/total: 1.69940  ,  Loss/giou: 0.38502  ,  Loss/l1: 0.03763  ,  Loss/location: 0.74118  ,  IoU: 0.65716
[train: 1, 6700 / 7500] FPS: 41.2 (24.6)  ,  DataTime: 0.169 (0.002)  ,  ForwardTime: 0.023  ,  TotalTime: 0.194  ,  Loss/total: 1.69646  ,  Loss/giou: 0.38477  ,  Loss/l1: 0.03760  ,  Loss/location: 0.73891  ,  IoU: 0.65738
[train: 1, 6750 / 7500] FPS: 41.3 (310.8)  ,  DataTime: 0.169 (0.002)  ,  ForwardTime: 0.023  ,  TotalTime: 0.194  ,  Loss/total: 1.69334  ,  Loss/giou: 0.38439  ,  Loss/l1: 0.03754  ,  Loss/location: 0.73683  ,  IoU: 0.65767
[train: 1, 6800 / 7500] FPS: 41.3 (14.2)  ,  DataTime: 0.169 (0.002)  ,  ForwardTime: 0.023  ,  TotalTime: 0.194  ,  Loss/total: 1.68992  ,  Loss/giou: 0.38399  ,  Loss/l1: 0.03748  ,  Loss/location: 0.73451  ,  IoU: 0.65798
[train: 1, 6850 / 7500] FPS: 41.3 (356.7)  ,  DataTime: 0.169 (0.002)  ,  ForwardTime: 0.023  ,  TotalTime: 0.194  ,  Loss/total: 1.68621  ,  Loss/giou: 0.38352  ,  Loss/l1: 0.03742  ,  Loss/location: 0.73208  ,  IoU: 0.65834
[train: 1, 6900 / 7500] FPS: 41.3 (325.8)  ,  DataTime: 0.169 (0.002)  ,  ForwardTime: 0.023  ,  TotalTime: 0.194  ,  Loss/total: 1.68253  ,  Loss/giou: 0.38301  ,  Loss/l1: 0.03735  ,  Loss/location: 0.72978  ,  IoU: 0.65874
[train: 1, 6950 / 7500] FPS: 41.3 (377.8)  ,  DataTime: 0.169 (0.002)  ,  ForwardTime: 0.023  ,  TotalTime: 0.193  ,  Loss/total: 1.67948  ,  Loss/giou: 0.38266  ,  Loss/l1: 0.03730  ,  Loss/location: 0.72766  ,  IoU: 0.65903
[train: 1, 7000 / 7500] FPS: 41.4 (363.2)  ,  DataTime: 0.169 (0.002)  ,  ForwardTime: 0.023  ,  TotalTime: 0.193  ,  Loss/total: 1.67636  ,  Loss/giou: 0.38231  ,  Loss/l1: 0.03727  ,  Loss/location: 0.72539  ,  IoU: 0.65934
[train: 1, 7050 / 7500] FPS: 41.4 (326.7)  ,  DataTime: 0.169 (0.002)  ,  ForwardTime: 0.023  ,  TotalTime: 0.193  ,  Loss/total: 1.67261  ,  Loss/giou: 0.38177  ,  Loss/l1: 0.03719  ,  Loss/location: 0.72313  ,  IoU: 0.65976
[train: 1, 7100 / 7500] FPS: 41.4 (11.1)  ,  DataTime: 0.168 (0.002)  ,  ForwardTime: 0.023  ,  TotalTime: 0.193  ,  Loss/total: 1.66960  ,  Loss/giou: 0.38142  ,  Loss/l1: 0.03715  ,  Loss/location: 0.72099  ,  IoU: 0.66005
[train: 1, 7150 / 7500] FPS: 41.4 (9.1)  ,  DataTime: 0.168 (0.002)  ,  ForwardTime: 0.023  ,  TotalTime: 0.193  ,  Loss/total: 1.66631  ,  Loss/giou: 0.38099  ,  Loss/l1: 0.03709  ,  Loss/location: 0.71889  ,  IoU: 0.66038
[train: 1, 7200 / 7500] FPS: 41.5 (328.8)  ,  DataTime: 0.168 (0.002)  ,  ForwardTime: 0.023  ,  TotalTime: 0.193  ,  Loss/total: 1.66364  ,  Loss/giou: 0.38074  ,  Loss/l1: 0.03705  ,  Loss/location: 0.71689  ,  IoU: 0.66059
[train: 1, 7250 / 7500] FPS: 41.5 (341.8)  ,  DataTime: 0.168 (0.002)  ,  ForwardTime: 0.023  ,  TotalTime: 0.193  ,  Loss/total: 1.66062  ,  Loss/giou: 0.38035  ,  Loss/l1: 0.03700  ,  Loss/location: 0.71489  ,  IoU: 0.66092
[train: 1, 7300 / 7500] FPS: 41.5 (225.8)  ,  DataTime: 0.168 (0.002)  ,  ForwardTime: 0.023  ,  TotalTime: 0.193  ,  Loss/total: 1.65834  ,  Loss/giou: 0.38017  ,  Loss/l1: 0.03700  ,  Loss/location: 0.71302  ,  IoU: 0.66109
[train: 1, 7350 / 7500] FPS: 41.5 (8.9)  ,  DataTime: 0.168 (0.002)  ,  ForwardTime: 0.023  ,  TotalTime: 0.193  ,  Loss/total: 1.65570  ,  Loss/giou: 0.37988  ,  Loss/l1: 0.03696  ,  Loss/location: 0.71112  ,  IoU: 0.66133
[train: 1, 7400 / 7500] FPS: 41.6 (285.5)  ,  DataTime: 0.168 (0.002)  ,  ForwardTime: 0.023  ,  TotalTime: 0.192  ,  Loss/total: 1.65295  ,  Loss/giou: 0.37955  ,  Loss/l1: 0.03693  ,  Loss/location: 0.70919  ,  IoU: 0.66160
[train: 1, 7450 / 7500] FPS: 41.6 (245.6)  ,  DataTime: 0.168 (0.002)  ,  ForwardTime: 0.023  ,  TotalTime: 0.192  ,  Loss/total: 1.65098  ,  Loss/giou: 0.37943  ,  Loss/l1: 0.03693  ,  Loss/location: 0.70749  ,  IoU: 0.66172
[train: 1, 7500 / 7500] FPS: 41.7 (373.9)  ,  DataTime: 0.167 (0.002)  ,  ForwardTime: 0.023  ,  TotalTime: 0.192  ,  Loss/total: 1.64808  ,  Loss/giou: 0.37906  ,  Loss/l1: 0.03688  ,  Loss/location: 0.70558  ,  IoU: 0.66203
[train: 1, 50 / 7500] FPS: 174.8 (264.1)  ,  DataTime: 0.008 (0.003)  ,  ForwardTime: 0.035  ,  TotalTime: 0.046  ,  Loss/total: 18.39018  ,  Loss/giou: 0.77818  ,  Loss/l1: 0.11015  ,  Loss/location: 16.28309  ,  IoU: 0.34885
[train: 1, 100 / 7500] FPS: 202.8 (235.7)  ,  DataTime: 0.005 (0.003)  ,  ForwardTime: 0.031  ,  TotalTime: 0.039  ,  Loss/total: 14.45007  ,  Loss/giou: 0.74092  ,  Loss/l1: 0.10752  ,  Loss/location: 12.43062  ,  IoU: 0.38146
[train: 1, 150 / 7500] FPS: 204.1 (274.2)  ,  DataTime: 0.007 (0.003)  ,  ForwardTime: 0.030  ,  TotalTime: 0.039  ,  Loss/total: 12.01726  ,  Loss/giou: 0.71281  ,  Loss/l1: 0.10442  ,  Loss/location: 10.06956  ,  IoU: 0.40260
[train: 1, 200 / 7500] FPS: 210.8 (192.7)  ,  DataTime: 0.006 (0.003)  ,  ForwardTime: 0.029  ,  TotalTime: 0.038  ,  Loss/total: 10.23796  ,  Loss/giou: 0.67651  ,  Loss/l1: 0.09377  ,  Loss/location: 8.41609  ,  IoU: 0.42718
[train: 1, 250 / 7500] FPS: 214.1 (236.8)  ,  DataTime: 0.005 (0.003)  ,  ForwardTime: 0.029  ,  TotalTime: 0.037  ,  Loss/total: 8.89271  ,  Loss/giou: 0.65013  ,  Loss/l1: 0.08719  ,  Loss/location: 7.15652  ,  IoU: 0.44721
[train: 1, 300 / 7500] FPS: 219.0 (211.9)  ,  DataTime: 0.005 (0.003)  ,  ForwardTime: 0.029  ,  TotalTime: 0.037  ,  Loss/total: 7.88314  ,  Loss/giou: 0.63028  ,  Loss/l1: 0.08195  ,  Loss/location: 6.21281  ,  IoU: 0.46236
[train: 1, 350 / 7500] FPS: 221.6 (240.4)  ,  DataTime: 0.005 (0.003)  ,  ForwardTime: 0.029  ,  TotalTime: 0.036  ,  Loss/total: 7.08291  ,  Loss/giou: 0.61055  ,  Loss/l1: 0.07711  ,  Loss/location: 5.47627  ,  IoU: 0.47709
[train: 1, 400 / 7500] FPS: 219.3 (293.7)  ,  DataTime: 0.005 (0.003)  ,  ForwardTime: 0.029  ,  TotalTime: 0.036  ,  Loss/total: 6.45644  ,  Loss/giou: 0.59435  ,  Loss/l1: 0.07351  ,  Loss/location: 4.90019  ,  IoU: 0.48937
[train: 1, 450 / 7500] FPS: 221.3 (215.1)  ,  DataTime: 0.005 (0.003)  ,  ForwardTime: 0.029  ,  TotalTime: 0.036  ,  Loss/total: 5.96137  ,  Loss/giou: 0.58169  ,  Loss/l1: 0.07063  ,  Loss/location: 4.44485  ,  IoU: 0.49931
[train: 1, 500 / 7500] FPS: 221.4 (183.9)  ,  DataTime: 0.004 (0.003)  ,  ForwardTime: 0.029  ,  TotalTime: 0.036  ,  Loss/total: 5.55660  ,  Loss/giou: 0.57157  ,  Loss/l1: 0.06827  ,  Loss/location: 4.07213  ,  IoU: 0.50723
[train: 1, 550 / 7500] FPS: 221.7 (229.1)  ,  DataTime: 0.004 (0.003)  ,  ForwardTime: 0.029  ,  TotalTime: 0.036  ,  Loss/total: 5.22371  ,  Loss/giou: 0.56280  ,  Loss/l1: 0.06632  ,  Loss/location: 3.76654  ,  IoU: 0.51395
[train: 1, 600 / 7500] FPS: 222.7 (253.9)  ,  DataTime: 0.004 (0.003)  ,  ForwardTime: 0.029  ,  TotalTime: 0.036  ,  Loss/total: 4.93053  ,  Loss/giou: 0.55232  ,  Loss/l1: 0.06425  ,  Loss/location: 3.50466  ,  IoU: 0.52199
[train: 1, 650 / 7500] FPS: 223.2 (237.3)  ,  DataTime: 0.004 (0.003)  ,  ForwardTime: 0.029  ,  TotalTime: 0.036  ,  Loss/total: 4.68258  ,  Loss/giou: 0.54348  ,  Loss/l1: 0.06251  ,  Loss/location: 3.28307  ,  IoU: 0.52900
[train: 1, 700 / 7500] FPS: 223.0 (206.8)  ,  DataTime: 0.004 (0.003)  ,  ForwardTime: 0.029  ,  TotalTime: 0.036  ,  Loss/total: 4.47075  ,  Loss/giou: 0.53685  ,  Loss/l1: 0.06127  ,  Loss/location: 3.09071  ,  IoU: 0.53427
[train: 1, 750 / 7500] FPS: 223.2 (192.2)  ,  DataTime: 0.004 (0.003)  ,  ForwardTime: 0.029  ,  TotalTime: 0.036  ,  Loss/total: 4.28155  ,  Loss/giou: 0.52919  ,  Loss/l1: 0.05986  ,  Loss/location: 2.92386  ,  IoU: 0.54037
[train: 1, 800 / 7500] FPS: 224.3 (241.1)  ,  DataTime: 0.004 (0.003)  ,  ForwardTime: 0.029  ,  TotalTime: 0.036  ,  Loss/total: 4.11953  ,  Loss/giou: 0.52381  ,  Loss/l1: 0.05885  ,  Loss/location: 2.77767  ,  IoU: 0.54475
[train: 1, 850 / 7500] FPS: 224.6 (264.3)  ,  DataTime: 0.004 (0.003)  ,  ForwardTime: 0.029  ,  TotalTime: 0.036  ,  Loss/total: 3.97470  ,  Loss/giou: 0.51860  ,  Loss/l1: 0.05789  ,  Loss/location: 2.64803  ,  IoU: 0.54894
[train: 1, 900 / 7500] FPS: 225.6 (238.5)  ,  DataTime: 0.004 (0.003)  ,  ForwardTime: 0.028  ,  TotalTime: 0.035  ,  Loss/total: 3.84619  ,  Loss/giou: 0.51463  ,  Loss/l1: 0.05730  ,  Loss/location: 2.53044  ,  IoU: 0.55246
[train: 1, 950 / 7500] FPS: 226.3 (256.4)  ,  DataTime: 0.004 (0.003)  ,  ForwardTime: 0.028  ,  TotalTime: 0.035  ,  Loss/total: 3.73007  ,  Loss/giou: 0.51008  ,  Loss/l1: 0.05656  ,  Loss/location: 2.42710  ,  IoU: 0.55599
[train: 1, 1000 / 7500] FPS: 225.8 (189.3)  ,  DataTime: 0.004 (0.003)  ,  ForwardTime: 0.028  ,  TotalTime: 0.035  ,  Loss/total: 3.62374  ,  Loss/giou: 0.50591  ,  Loss/l1: 0.05588  ,  Loss/location: 2.33250  ,  IoU: 0.55942
[train: 1, 1050 / 7500] FPS: 226.1 (275.7)  ,  DataTime: 0.004 (0.003)  ,  ForwardTime: 0.028  ,  TotalTime: 0.035  ,  Loss/total: 3.52709  ,  Loss/giou: 0.50160  ,  Loss/l1: 0.05521  ,  Loss/location: 2.24782  ,  IoU: 0.56306
[train: 1, 1100 / 7500] FPS: 226.9 (301.6)  ,  DataTime: 0.004 (0.003)  ,  ForwardTime: 0.028  ,  TotalTime: 0.035  ,  Loss/total: 3.44244  ,  Loss/giou: 0.49868  ,  Loss/l1: 0.05483  ,  Loss/location: 2.17092  ,  IoU: 0.56558
[train: 1, 1150 / 7500] FPS: 227.6 (236.1)  ,  DataTime: 0.004 (0.003)  ,  ForwardTime: 0.028  ,  TotalTime: 0.035  ,  Loss/total: 3.36099  ,  Loss/giou: 0.49536  ,  Loss/l1: 0.05418  ,  Loss/location: 2.09936  ,  IoU: 0.56824
[train: 1, 1200 / 7500] FPS: 227.4 (271.1)  ,  DataTime: 0.004 (0.003)  ,  ForwardTime: 0.028  ,  TotalTime: 0.035  ,  Loss/total: 3.28524  ,  Loss/giou: 0.49169  ,  Loss/l1: 0.05355  ,  Loss/location: 2.03410  ,  IoU: 0.57127
[train: 1, 1250 / 7500] FPS: 227.6 (205.5)  ,  DataTime: 0.004 (0.003)  ,  ForwardTime: 0.028  ,  TotalTime: 0.035  ,  Loss/total: 3.21313  ,  Loss/giou: 0.48791  ,  Loss/l1: 0.05295  ,  Loss/location: 1.97256  ,  IoU: 0.57433
[train: 1, 1300 / 7500] FPS: 228.0 (245.1)  ,  DataTime: 0.004 (0.003)  ,  ForwardTime: 0.028  ,  TotalTime: 0.035  ,  Loss/total: 3.14720  ,  Loss/giou: 0.48440  ,  Loss/l1: 0.05238  ,  Loss/location: 1.91651  ,  IoU: 0.57709
[train: 1, 1350 / 7500] FPS: 227.9 (127.0)  ,  DataTime: 0.004 (0.003)  ,  ForwardTime: 0.028  ,  TotalTime: 0.035  ,  Loss/total: 3.08739  ,  Loss/giou: 0.48172  ,  Loss/l1: 0.05194  ,  Loss/location: 1.86427  ,  IoU: 0.57933
[train: 1, 1400 / 7500] FPS: 227.6 (260.7)  ,  DataTime: 0.004 (0.003)  ,  ForwardTime: 0.028  ,  TotalTime: 0.035  ,  Loss/total: 3.03040  ,  Loss/giou: 0.47912  ,  Loss/l1: 0.05145  ,  Loss/location: 1.81488  ,  IoU: 0.58135
[train: 1, 1450 / 7500] FPS: 228.0 (242.5)  ,  DataTime: 0.004 (0.003)  ,  ForwardTime: 0.028  ,  TotalTime: 0.035  ,  Loss/total: 2.97861  ,  Loss/giou: 0.47687  ,  Loss/l1: 0.05110  ,  Loss/location: 1.76937  ,  IoU: 0.58321
[train: 1, 1500 / 7500] FPS: 228.4 (197.7)  ,  DataTime: 0.004 (0.003)  ,  ForwardTime: 0.028  ,  TotalTime: 0.035  ,  Loss/total: 2.92788  ,  Loss/giou: 0.47414  ,  Loss/l1: 0.05060  ,  Loss/location: 1.72660  ,  IoU: 0.58537
[train: 1, 1550 / 7500] FPS: 228.8 (278.0)  ,  DataTime: 0.004 (0.003)  ,  ForwardTime: 0.028  ,  TotalTime: 0.035  ,  Loss/total: 2.87942  ,  Loss/giou: 0.47129  ,  Loss/l1: 0.05016  ,  Loss/location: 1.68603  ,  IoU: 0.58760
[train: 1, 1600 / 7500] FPS: 228.8 (199.2)  ,  DataTime: 0.004 (0.003)  ,  ForwardTime: 0.028  ,  TotalTime: 0.035  ,  Loss/total: 2.83683  ,  Loss/giou: 0.46922  ,  Loss/l1: 0.04985  ,  Loss/location: 1.64912  ,  IoU: 0.58933
[train: 1, 1650 / 7500] FPS: 229.1 (250.8)  ,  DataTime: 0.004 (0.003)  ,  ForwardTime: 0.028  ,  TotalTime: 0.035  ,  Loss/total: 2.79756  ,  Loss/giou: 0.46718  ,  Loss/l1: 0.04951  ,  Loss/location: 1.61566  ,  IoU: 0.59098
[train: 1, 1700 / 7500] FPS: 228.6 (232.6)  ,  DataTime: 0.004 (0.003)  ,  ForwardTime: 0.028  ,  TotalTime: 0.035  ,  Loss/total: 2.75663  ,  Loss/giou: 0.46494  ,  Loss/l1: 0.04912  ,  Loss/location: 1.58116  ,  IoU: 0.59273
[train: 1, 1750 / 7500] FPS: 228.7 (212.5)  ,  DataTime: 0.004 (0.003)  ,  ForwardTime: 0.028  ,  TotalTime: 0.035  ,  Loss/total: 2.72132  ,  Loss/giou: 0.46341  ,  Loss/l1: 0.04888  ,  Loss/location: 1.55011  ,  IoU: 0.59402
[train: 1, 1800 / 7500] FPS: 228.9 (209.9)  ,  DataTime: 0.004 (0.003)  ,  ForwardTime: 0.028  ,  TotalTime: 0.035  ,  Loss/total: 2.68589  ,  Loss/giou: 0.46129  ,  Loss/l1: 0.04857  ,  Loss/location: 1.52049  ,  IoU: 0.59575
[train: 1, 1850 / 7500] FPS: 228.9 (245.0)  ,  DataTime: 0.004 (0.003)  ,  ForwardTime: 0.028  ,  TotalTime: 0.035  ,  Loss/total: 2.65521  ,  Loss/giou: 0.45995  ,  Loss/l1: 0.04835  ,  Loss/location: 1.49356  ,  IoU: 0.59691
[train: 1, 1900 / 7500] FPS: 229.2 (234.8)  ,  DataTime: 0.004 (0.003)  ,  ForwardTime: 0.028  ,  TotalTime: 0.035  ,  Loss/total: 2.62339  ,  Loss/giou: 0.45807  ,  Loss/l1: 0.04807  ,  Loss/location: 1.46691  ,  IoU: 0.59848
[train: 1, 1950 / 7500] FPS: 229.0 (200.0)  ,  DataTime: 0.004 (0.003)  ,  ForwardTime: 0.028  ,  TotalTime: 0.035  ,  Loss/total: 2.59482  ,  Loss/giou: 0.45668  ,  Loss/l1: 0.04784  ,  Loss/location: 1.44226  ,  IoU: 0.59953
[train: 1, 2000 / 7500] FPS: 229.1 (224.6)  ,  DataTime: 0.004 (0.003)  ,  ForwardTime: 0.028  ,  TotalTime: 0.035  ,  Loss/total: 2.56684  ,  Loss/giou: 0.45509  ,  Loss/l1: 0.04762  ,  Loss/location: 1.41855  ,  IoU: 0.60096
[train: 1, 2050 / 7500] FPS: 228.8 (227.4)  ,  DataTime: 0.004 (0.003)  ,  ForwardTime: 0.028  ,  TotalTime: 0.035  ,  Loss/total: 2.54115  ,  Loss/giou: 0.45376  ,  Loss/l1: 0.04741  ,  Loss/location: 1.39656  ,  IoU: 0.60208
[train: 1, 2100 / 7500] FPS: 228.7 (328.0)  ,  DataTime: 0.004 (0.003)  ,  ForwardTime: 0.028  ,  TotalTime: 0.035  ,  Loss/total: 2.51544  ,  Loss/giou: 0.45240  ,  Loss/l1: 0.04721  ,  Loss/location: 1.37461  ,  IoU: 0.60323
[train: 1, 2150 / 7500] FPS: 228.9 (210.5)  ,  DataTime: 0.004 (0.003)  ,  ForwardTime: 0.028  ,  TotalTime: 0.035  ,  Loss/total: 2.49104  ,  Loss/giou: 0.45123  ,  Loss/l1: 0.04702  ,  Loss/location: 1.35347  ,  IoU: 0.60418
[train: 1, 2200 / 7500] FPS: 228.8 (220.5)  ,  DataTime: 0.004 (0.003)  ,  ForwardTime: 0.028  ,  TotalTime: 0.035  ,  Loss/total: 2.46527  ,  Loss/giou: 0.44936  ,  Loss/l1: 0.04670  ,  Loss/location: 1.33307  ,  IoU: 0.60562
[train: 1, 2250 / 7500] FPS: 229.2 (231.6)  ,  DataTime: 0.004 (0.003)  ,  ForwardTime: 0.028  ,  TotalTime: 0.035  ,  Loss/total: 2.44183  ,  Loss/giou: 0.44775  ,  Loss/l1: 0.04647  ,  Loss/location: 1.31396  ,  IoU: 0.60692
[train: 1, 2300 / 7500] FPS: 229.3 (214.0)  ,  DataTime: 0.004 (0.003)  ,  ForwardTime: 0.028  ,  TotalTime: 0.035  ,  Loss/total: 2.42013  ,  Loss/giou: 0.44649  ,  Loss/l1: 0.04631  ,  Loss/location: 1.29561  ,  IoU: 0.60802
[train: 1, 2350 / 7500] FPS: 229.4 (227.6)  ,  DataTime: 0.004 (0.003)  ,  ForwardTime: 0.028  ,  TotalTime: 0.035  ,  Loss/total: 2.39829  ,  Loss/giou: 0.44512  ,  Loss/l1: 0.04609  ,  Loss/location: 1.27759  ,  IoU: 0.60917
[train: 1, 2400 / 7500] FPS: 229.4 (215.7)  ,  DataTime: 0.004 (0.003)  ,  ForwardTime: 0.028  ,  TotalTime: 0.035  ,  Loss/total: 2.37823  ,  Loss/giou: 0.44381  ,  Loss/l1: 0.04591  ,  Loss/location: 1.26107  ,  IoU: 0.61021
[train: 1, 2450 / 7500] FPS: 229.5 (235.8)  ,  DataTime: 0.004 (0.003)  ,  ForwardTime: 0.028  ,  TotalTime: 0.035  ,  Loss/total: 2.35960  ,  Loss/giou: 0.44272  ,  Loss/l1: 0.04573  ,  Loss/location: 1.24551  ,  IoU: 0.61108
[train: 1, 2500 / 7500] FPS: 229.5 (230.5)  ,  DataTime: 0.004 (0.003)  ,  ForwardTime: 0.028  ,  TotalTime: 0.035  ,  Loss/total: 2.34032  ,  Loss/giou: 0.44141  ,  Loss/l1: 0.04554  ,  Loss/location: 1.22978  ,  IoU: 0.61211
[train: 1, 2550 / 7500] FPS: 229.6 (266.7)  ,  DataTime: 0.004 (0.003)  ,  ForwardTime: 0.028  ,  TotalTime: 0.035  ,  Loss/total: 2.32031  ,  Loss/giou: 0.43992  ,  Loss/l1: 0.04531  ,  Loss/location: 1.21393  ,  IoU: 0.61330
[train: 1, 2600 / 7500] FPS: 229.8 (249.6)  ,  DataTime: 0.004 (0.003)  ,  ForwardTime: 0.028  ,  TotalTime: 0.035  ,  Loss/total: 2.30174  ,  Loss/giou: 0.43866  ,  Loss/l1: 0.04512  ,  Loss/location: 1.19884  ,  IoU: 0.61433
[train: 1, 2650 / 7500] FPS: 230.0 (258.5)  ,  DataTime: 0.004 (0.003)  ,  ForwardTime: 0.028  ,  TotalTime: 0.035  ,  Loss/total: 2.28508  ,  Loss/giou: 0.43742  ,  Loss/l1: 0.04492  ,  Loss/location: 1.18561  ,  IoU: 0.61529
[train: 1, 2700 / 7500] FPS: 230.0 (225.9)  ,  DataTime: 0.004 (0.003)  ,  ForwardTime: 0.028  ,  TotalTime: 0.035  ,  Loss/total: 2.26852  ,  Loss/giou: 0.43610  ,  Loss/l1: 0.04471  ,  Loss/location: 1.17275  ,  IoU: 0.61631
[train: 1, 2750 / 7500] FPS: 230.1 (301.6)  ,  DataTime: 0.004 (0.003)  ,  ForwardTime: 0.028  ,  TotalTime: 0.035  ,  Loss/total: 2.25196  ,  Loss/giou: 0.43471  ,  Loss/l1: 0.04451  ,  Loss/location: 1.15998  ,  IoU: 0.61735
[train: 1, 2800 / 7500] FPS: 230.4 (251.7)  ,  DataTime: 0.004 (0.003)  ,  ForwardTime: 0.028  ,  TotalTime: 0.035  ,  Loss/total: 2.23680  ,  Loss/giou: 0.43360  ,  Loss/l1: 0.04435  ,  Loss/location: 1.14785  ,  IoU: 0.61828
[train: 1, 2850 / 7500] FPS: 230.6 (248.8)  ,  DataTime: 0.004 (0.003)  ,  ForwardTime: 0.028  ,  TotalTime: 0.035  ,  Loss/total: 2.22341  ,  Loss/giou: 0.43293  ,  Loss/l1: 0.04425  ,  Loss/location: 1.13630  ,  IoU: 0.61884
[train: 1, 2900 / 7500] FPS: 230.5 (253.4)  ,  DataTime: 0.004 (0.003)  ,  ForwardTime: 0.028  ,  TotalTime: 0.035  ,  Loss/total: 2.20839  ,  Loss/giou: 0.43159  ,  Loss/l1: 0.04405  ,  Loss/location: 1.12498  ,  IoU: 0.61992
[train: 1, 2950 / 7500] FPS: 230.6 (215.4)  ,  DataTime: 0.004 (0.003)  ,  ForwardTime: 0.028  ,  TotalTime: 0.035  ,  Loss/total: 2.19405  ,  Loss/giou: 0.43064  ,  Loss/l1: 0.04387  ,  Loss/location: 1.11340  ,  IoU: 0.62066
[train: 1, 3000 / 7500] FPS: 230.6 (273.6)  ,  DataTime: 0.004 (0.003)  ,  ForwardTime: 0.028  ,  TotalTime: 0.035  ,  Loss/total: 2.17870  ,  Loss/giou: 0.42909  ,  Loss/l1: 0.04362  ,  Loss/location: 1.10240  ,  IoU: 0.62182
[train: 1, 3050 / 7500] FPS: 230.7 (260.1)  ,  DataTime: 0.004 (0.003)  ,  ForwardTime: 0.028  ,  TotalTime: 0.035  ,  Loss/total: 2.16497  ,  Loss/giou: 0.42807  ,  Loss/l1: 0.04345  ,  Loss/location: 1.09157  ,  IoU: 0.62257
[train: 1, 3100 / 7500] FPS: 230.6 (241.3)  ,  DataTime: 0.004 (0.003)  ,  ForwardTime: 0.028  ,  TotalTime: 0.035  ,  Loss/total: 2.15283  ,  Loss/giou: 0.42733  ,  Loss/l1: 0.04335  ,  Loss/location: 1.08143  ,  IoU: 0.62320
[train: 1, 3150 / 7500] FPS: 230.7 (254.2)  ,  DataTime: 0.004 (0.003)  ,  ForwardTime: 0.028  ,  TotalTime: 0.035  ,  Loss/total: 2.14066  ,  Loss/giou: 0.42645  ,  Loss/l1: 0.04326  ,  Loss/location: 1.07144  ,  IoU: 0.62398
[train: 1, 3200 / 7500] FPS: 230.8 (285.8)  ,  DataTime: 0.004 (0.003)  ,  ForwardTime: 0.028  ,  TotalTime: 0.035  ,  Loss/total: 2.12861  ,  Loss/giou: 0.42544  ,  Loss/l1: 0.04312  ,  Loss/location: 1.06215  ,  IoU: 0.62478
[train: 1, 3250 / 7500] FPS: 230.9 (273.8)  ,  DataTime: 0.004 (0.003)  ,  ForwardTime: 0.028  ,  TotalTime: 0.035  ,  Loss/total: 2.11520  ,  Loss/giou: 0.42424  ,  Loss/l1: 0.04292  ,  Loss/location: 1.05214  ,  IoU: 0.62566
[train: 1, 3300 / 7500] FPS: 230.6 (342.3)  ,  DataTime: 0.004 (0.003)  ,  ForwardTime: 0.028  ,  TotalTime: 0.035  ,  Loss/total: 2.10319  ,  Loss/giou: 0.42311  ,  Loss/l1: 0.04274  ,  Loss/location: 1.04329  ,  IoU: 0.62651
[train: 1, 3350 / 7500] FPS: 230.8 (243.7)  ,  DataTime: 0.004 (0.003)  ,  ForwardTime: 0.028  ,  TotalTime: 0.035  ,  Loss/total: 2.09081  ,  Loss/giou: 0.42200  ,  Loss/l1: 0.04260  ,  Loss/location: 1.03380  ,  IoU: 0.62746
[train: 1, 3400 / 7500] FPS: 230.6 (272.9)  ,  DataTime: 0.004 (0.003)  ,  ForwardTime: 0.028  ,  TotalTime: 0.035  ,  Loss/total: 2.08004  ,  Loss/giou: 0.42116  ,  Loss/l1: 0.04249  ,  Loss/location: 1.02528  ,  IoU: 0.62812
[train: 1, 3450 / 7500] FPS: 230.8 (210.4)  ,  DataTime: 0.004 (0.003)  ,  ForwardTime: 0.028  ,  TotalTime: 0.035  ,  Loss/total: 2.07004  ,  Loss/giou: 0.42039  ,  Loss/l1: 0.04238  ,  Loss/location: 1.01734  ,  IoU: 0.62875
[train: 1, 3500 / 7500] FPS: 230.9 (239.5)  ,  DataTime: 0.004 (0.003)  ,  ForwardTime: 0.028  ,  TotalTime: 0.035  ,  Loss/total: 2.05965  ,  Loss/giou: 0.41953  ,  Loss/l1: 0.04225  ,  Loss/location: 1.00935  ,  IoU: 0.62941
[train: 1, 3550 / 7500] FPS: 231.1 (210.8)  ,  DataTime: 0.004 (0.003)  ,  ForwardTime: 0.028  ,  TotalTime: 0.035  ,  Loss/total: 2.05185  ,  Loss/giou: 0.41928  ,  Loss/l1: 0.04223  ,  Loss/location: 1.00215  ,  IoU: 0.62967
[train: 1, 3600 / 7500] FPS: 231.1 (111.9)  ,  DataTime: 0.004 (0.003)  ,  ForwardTime: 0.028  ,  TotalTime: 0.035  ,  Loss/total: 2.04149  ,  Loss/giou: 0.41843  ,  Loss/l1: 0.04212  ,  Loss/location: 0.99403  ,  IoU: 0.63038
[train: 1, 3650 / 7500] FPS: 231.2 (234.0)  ,  DataTime: 0.004 (0.003)  ,  ForwardTime: 0.028  ,  TotalTime: 0.035  ,  Loss/total: 2.03214  ,  Loss/giou: 0.41767  ,  Loss/l1: 0.04202  ,  Loss/location: 0.98673  ,  IoU: 0.63100
[train: 1, 3700 / 7500] FPS: 231.0 (258.4)  ,  DataTime: 0.004 (0.003)  ,  ForwardTime: 0.028  ,  TotalTime: 0.035  ,  Loss/total: 2.02344  ,  Loss/giou: 0.41698  ,  Loss/l1: 0.04192  ,  Loss/location: 0.97990  ,  IoU: 0.63151
[train: 1, 3750 / 7500] FPS: 231.0 (241.1)  ,  DataTime: 0.004 (0.003)  ,  ForwardTime: 0.028  ,  TotalTime: 0.035  ,  Loss/total: 2.01545  ,  Loss/giou: 0.41638  ,  Loss/l1: 0.04185  ,  Loss/location: 0.97346  ,  IoU: 0.63200
[train: 1, 3800 / 7500] FPS: 231.2 (246.2)  ,  DataTime: 0.004 (0.003)  ,  ForwardTime: 0.028  ,  TotalTime: 0.035  ,  Loss/total: 2.00613  ,  Loss/giou: 0.41549  ,  Loss/l1: 0.04172  ,  Loss/location: 0.96655  ,  IoU: 0.63273
[train: 1, 3850 / 7500] FPS: 231.2 (271.7)  ,  DataTime: 0.004 (0.003)  ,  ForwardTime: 0.028  ,  TotalTime: 0.035  ,  Loss/total: 1.99694  ,  Loss/giou: 0.41459  ,  Loss/l1: 0.04158  ,  Loss/location: 0.95986  ,  IoU: 0.63341
[train: 1, 3900 / 7500] FPS: 231.2 (235.1)  ,  DataTime: 0.004 (0.003)  ,  ForwardTime: 0.028  ,  TotalTime: 0.035  ,  Loss/total: 1.98884  ,  Loss/giou: 0.41403  ,  Loss/l1: 0.04152  ,  Loss/location: 0.95321  ,  IoU: 0.63389
[train: 1, 3950 / 7500] FPS: 230.8 (265.4)  ,  DataTime: 0.004 (0.003)  ,  ForwardTime: 0.028  ,  TotalTime: 0.035  ,  Loss/total: 1.97951  ,  Loss/giou: 0.41292  ,  Loss/l1: 0.04137  ,  Loss/location: 0.94681  ,  IoU: 0.63475
[train: 1, 4000 / 7500] FPS: 230.9 (252.7)  ,  DataTime: 0.004 (0.003)  ,  ForwardTime: 0.028  ,  TotalTime: 0.035  ,  Loss/total: 1.97111  ,  Loss/giou: 0.41211  ,  Loss/l1: 0.04127  ,  Loss/location: 0.94056  ,  IoU: 0.63539
[train: 1, 4050 / 7500] FPS: 230.9 (195.8)  ,  DataTime: 0.004 (0.003)  ,  ForwardTime: 0.028  ,  TotalTime: 0.035  ,  Loss/total: 1.96331  ,  Loss/giou: 0.41137  ,  Loss/l1: 0.04115  ,  Loss/location: 0.93481  ,  IoU: 0.63594
[train: 1, 4100 / 7500] FPS: 230.9 (254.6)  ,  DataTime: 0.004 (0.003)  ,  ForwardTime: 0.028  ,  TotalTime: 0.035  ,  Loss/total: 1.95570  ,  Loss/giou: 0.41075  ,  Loss/l1: 0.04106  ,  Loss/location: 0.92890  ,  IoU: 0.63643
[train: 1, 4150 / 7500] FPS: 230.6 (236.3)  ,  DataTime: 0.004 (0.003)  ,  ForwardTime: 0.028  ,  TotalTime: 0.035  ,  Loss/total: 1.94855  ,  Loss/giou: 0.41005  ,  Loss/l1: 0.04097  ,  Loss/location: 0.92359  ,  IoU: 0.63700
[train: 1, 4200 / 7500] FPS: 230.4 (231.1)  ,  DataTime: 0.004 (0.003)  ,  ForwardTime: 0.028  ,  TotalTime: 0.035  ,  Loss/total: 1.94156  ,  Loss/giou: 0.40948  ,  Loss/l1: 0.04090  ,  Loss/location: 0.91807  ,  IoU: 0.63749
[train: 1, 4250 / 7500] FPS: 230.6 (278.3)  ,  DataTime: 0.004 (0.003)  ,  ForwardTime: 0.028  ,  TotalTime: 0.035  ,  Loss/total: 1.93394  ,  Loss/giou: 0.40871  ,  Loss/l1: 0.04079  ,  Loss/location: 0.91259  ,  IoU: 0.63806
[train: 1, 4300 / 7500] FPS: 230.6 (255.6)  ,  DataTime: 0.004 (0.003)  ,  ForwardTime: 0.028  ,  TotalTime: 0.035  ,  Loss/total: 1.92642  ,  Loss/giou: 0.40796  ,  Loss/l1: 0.04068  ,  Loss/location: 0.90709  ,  IoU: 0.63867
[train: 1, 4350 / 7500] FPS: 230.5 (231.6)  ,  DataTime: 0.004 (0.003)  ,  ForwardTime: 0.028  ,  TotalTime: 0.035  ,  Loss/total: 1.91900  ,  Loss/giou: 0.40720  ,  Loss/l1: 0.04058  ,  Loss/location: 0.90168  ,  IoU: 0.63933
[train: 1, 4400 / 7500] FPS: 230.5 (191.8)  ,  DataTime: 0.004 (0.003)  ,  ForwardTime: 0.028  ,  TotalTime: 0.035  ,  Loss/total: 1.91186  ,  Loss/giou: 0.40656  ,  Loss/l1: 0.04048  ,  Loss/location: 0.89635  ,  IoU: 0.63983
[train: 1, 4450 / 7500] FPS: 230.5 (247.1)  ,  DataTime: 0.004 (0.003)  ,  ForwardTime: 0.028  ,  TotalTime: 0.035  ,  Loss/total: 1.90418  ,  Loss/giou: 0.40564  ,  Loss/l1: 0.04035  ,  Loss/location: 0.89117  ,  IoU: 0.64055
[train: 1, 4500 / 7500] FPS: 230.5 (196.8)  ,  DataTime: 0.004 (0.003)  ,  ForwardTime: 0.028  ,  TotalTime: 0.035  ,  Loss/total: 1.89664  ,  Loss/giou: 0.40484  ,  Loss/l1: 0.04023  ,  Loss/location: 0.88584  ,  IoU: 0.64118
[train: 1, 4550 / 7500] FPS: 230.6 (232.2)  ,  DataTime: 0.004 (0.003)  ,  ForwardTime: 0.028  ,  TotalTime: 0.035  ,  Loss/total: 1.89074  ,  Loss/giou: 0.40437  ,  Loss/l1: 0.04017  ,  Loss/location: 0.88113  ,  IoU: 0.64157
[train: 1, 4600 / 7500] FPS: 230.7 (195.8)  ,  DataTime: 0.004 (0.003)  ,  ForwardTime: 0.028  ,  TotalTime: 0.035  ,  Loss/total: 1.88483  ,  Loss/giou: 0.40381  ,  Loss/l1: 0.04010  ,  Loss/location: 0.87672  ,  IoU: 0.64202
[train: 1, 4650 / 7500] FPS: 230.8 (254.0)  ,  DataTime: 0.004 (0.003)  ,  ForwardTime: 0.028  ,  TotalTime: 0.035  ,  Loss/total: 1.87935  ,  Loss/giou: 0.40338  ,  Loss/l1: 0.04004  ,  Loss/location: 0.87236  ,  IoU: 0.64237
[train: 1, 4700 / 7500] FPS: 230.9 (208.5)  ,  DataTime: 0.004 (0.003)  ,  ForwardTime: 0.028  ,  TotalTime: 0.035  ,  Loss/total: 1.87302  ,  Loss/giou: 0.40277  ,  Loss/l1: 0.03995  ,  Loss/location: 0.86772  ,  IoU: 0.64283
[train: 1, 4750 / 7500] FPS: 231.0 (283.8)  ,  DataTime: 0.004 (0.003)  ,  ForwardTime: 0.028  ,  TotalTime: 0.035  ,  Loss/total: 1.86666  ,  Loss/giou: 0.40214  ,  Loss/l1: 0.03984  ,  Loss/location: 0.86316  ,  IoU: 0.64328
[train: 1, 4800 / 7500] FPS: 231.1 (255.8)  ,  DataTime: 0.004 (0.003)  ,  ForwardTime: 0.028  ,  TotalTime: 0.035  ,  Loss/total: 1.86094  ,  Loss/giou: 0.40165  ,  Loss/l1: 0.03979  ,  Loss/location: 0.85871  ,  IoU: 0.64370
[train: 1, 4850 / 7500] FPS: 230.9 (193.5)  ,  DataTime: 0.004 (0.003)  ,  ForwardTime: 0.028  ,  TotalTime: 0.035  ,  Loss/total: 1.85588  ,  Loss/giou: 0.40131  ,  Loss/l1: 0.03974  ,  Loss/location: 0.85456  ,  IoU: 0.64398
[train: 1, 4900 / 7500] FPS: 230.7 (255.4)  ,  DataTime: 0.004 (0.003)  ,  ForwardTime: 0.028  ,  TotalTime: 0.035  ,  Loss/total: 1.85106  ,  Loss/giou: 0.40096  ,  Loss/l1: 0.03969  ,  Loss/location: 0.85069  ,  IoU: 0.64429
[train: 1, 4950 / 7500] FPS: 230.5 (229.1)  ,  DataTime: 0.004 (0.003)  ,  ForwardTime: 0.028  ,  TotalTime: 0.035  ,  Loss/total: 1.84555  ,  Loss/giou: 0.40042  ,  Loss/l1: 0.03961  ,  Loss/location: 0.84663  ,  IoU: 0.64473
